TN:
SF:src/lib/auth.ts
FN:4,signUp
FN:9,(anonymous_1)
FN:28,logIn
FN:33,(anonymous_3)
FN:45,logOut
FNF:5
FNH:5
FNDA:6,signUp
FNDA:1,(anonymous_1)
FNDA:2,logIn
FNDA:1,(anonymous_3)
FNDA:1,logOut
DA:8,6
DA:9,6
DA:10,1
DA:13,5
DA:20,5
DA:22,5
DA:23,5
DA:25,5
DA:32,2
DA:33,2
DA:35,2
DA:36,1
DA:39,1
DA:40,1
DA:42,1
DA:46,1
LF:16
LH:16
BRDA:9,0,0,1
BRDA:9,0,1,5
BRDA:33,1,0,1
BRDA:33,1,1,1
BRDA:35,2,0,1
BRDA:35,2,1,1
BRF:6
BRH:6
end_of_record
TN:
SF:src/lib/constants.ts
FNF:0
FNH:0
DA:1,2
DA:7,2
DA:9,2
DA:11,2
LF:4
LH:4
BRF:0
BRH:0
end_of_record
TN:
SF:src/lib/habits.ts
FN:3,toggleHabitCompletion
FN:5,(anonymous_1)
FNF:2
FNH:2
FNDA:5,toggleHabitCompletion
FNDA:4,(anonymous_1)
DA:4,5
DA:5,4
DA:8,5
LF:3
LH:3
BRDA:4,0,0,2
BRDA:4,0,1,3
BRF:2
BRH:2
end_of_record
TN:
SF:src/lib/slug.ts
FN:1,getHabitSlug
FNF:1
FNH:1
FNDA:10,getHabitSlug
DA:2,10
LF:1
LH:1
BRF:0
BRH:0
end_of_record
TN:
SF:src/lib/storage.ts
FN:5,getUsers
FN:14,saveUsers
FN:18,getSession
FN:28,saveSession
FN:32,clearSession
FN:36,getHabits
FN:45,saveHabits
FNF:7
FNH:7
FNDA:11,getUsers
FNDA:6,saveUsers
FNDA:6,getSession
FNDA:8,saveSession
FNDA:2,clearSession
FNDA:2,getHabits
FNDA:1,saveHabits
DA:6,11
DA:7,11
DA:8,11
DA:10,0
DA:15,6
DA:19,6
DA:20,6
DA:21,6
DA:22,6
DA:24,0
DA:29,8
DA:33,2
DA:37,2
DA:38,2
DA:39,2
DA:41,0
DA:46,1
LF:17
LH:14
BRDA:6,0,0,0
BRDA:6,0,1,11
BRDA:8,1,0,11
BRDA:8,1,1,7
BRDA:19,2,0,0
BRDA:19,2,1,6
BRDA:22,3,0,3
BRDA:22,3,1,3
BRDA:37,4,0,0
BRDA:37,4,1,2
BRDA:39,5,0,2
BRDA:39,5,1,1
BRF:12
BRH:9
end_of_record
TN:
SF:src/lib/streaks.ts
FN:1,calculateCurrentStreak
FNF:1
FNH:1
FNDA:11,calculateCurrentStreak
DA:5,11
DA:7,11
DA:9,11
DA:11,8
DA:12,8
DA:14,8
DA:15,23
DA:16,23
DA:17,15
DA:18,15
DA:21,8
LF:11
LH:11
BRDA:5,0,0,11
BRDA:5,0,1,0
BRDA:9,1,0,3
BRDA:9,1,1,8
BRDA:16,2,0,8
BRDA:16,2,1,15
BRF:6
BRH:5
end_of_record
TN:
SF:src/lib/validators.ts
FN:1,validateHabitName
FNF:1
FNH:1
FNDA:5,validateHabitName
DA:6,5
DA:8,5
DA:9,2
DA:12,3
DA:13,1
DA:20,2
LF:6
LH:6
BRDA:8,0,0,2
BRDA:8,0,1,3
BRDA:12,1,0,1
BRDA:12,1,1,2
BRF:4
BRH:4
end_of_record
